--------------------------------------------------------------------------------
Release 14.7 Trace  (nt64)
Copyright (c) 1995-2013 Xilinx, Inc.  All rights reserved.

C:\Xilinx\14.7\ISE_DS\ISE\bin\nt64\unwrapped\trce.exe -intstyle ise -v 3 -s 5
-n 3 -fastpaths -xml FSM.twx FSM.ncd -o FSM.twr FSM.pcf

Design file:              FSM.ncd
Physical constraint file: FSM.pcf
Device,package,speed:     xc3s50,pq208,-5 (PRODUCTION 1.39 2013-10-13)
Report level:             verbose report

Environment Variable      Effect 
--------------------      ------ 
NONE                      No environment variables were set
--------------------------------------------------------------------------------

INFO:Timing:2698 - No timing constraints found, doing default enumeration.
INFO:Timing:3412 - To improve timing, see the Timing Closure User Guide (UG612).
INFO:Timing:2752 - To get complete path coverage, use the unconstrained paths 
   option. All paths that are not constrained will be reported in the 
   unconstrained paths section(s) of the report.
INFO:Timing:3339 - The clock-to-out numbers in this timing report are based on 
   a 50 Ohm transmission line loading model.  For the details of this model, 
   and for more information on accounting for different loading conditions, 
   please see the device datasheet.
INFO:Timing:3390 - This architecture does not support a default System Jitter 
   value, please add SYSTEM_JITTER constraint to the UCF to modify the Clock 
   Uncertainty calculation.
INFO:Timing:3389 - This architecture does not support 'Discrete Jitter' and 
   'Phase Error' calculations, these terms will be zero in the Clock 
   Uncertainty calculation.  Please make appropriate modification to 
   SYSTEM_JITTER to account for the unsupported Discrete Jitter and Phase 
   Error.



Data Sheet report:
-----------------
All values displayed in nanoseconds (ns)

Setup/Hold to clock clock
------------+------------+------------+------------------+--------+
            |Max Setup to|Max Hold to |                  | Clock  |
Source      | clk (edge) | clk (edge) |Internal Clock(s) | Phase  |
------------+------------+------------+------------------+--------+
expired     |    2.577(R)|   -0.545(R)|clock_BUFGP       |   0.000|
prog_sync   |    1.459(R)|    0.390(R)|clock_BUFGP       |   0.000|
reset_sync  |    2.712(R)|    0.363(R)|clock_BUFGP       |   0.000|
sensor_sync |    1.319(R)|    0.707(R)|clock_BUFGP       |   0.000|
wr          |    0.883(R)|    0.334(R)|clock_BUFGP       |   0.000|
------------+------------+------------+------------------+--------+

Clock clock to Pad
------------+------------+------------------+--------+
            | clk (edge) |                  | Clock  |
Destination |   to PAD   |Internal Clock(s) | Phase  |
------------+------------+------------------+--------+
interval<0> |    8.889(R)|clock_BUFGP       |   0.000|
interval<1> |    8.494(R)|clock_BUFGP       |   0.000|
led<0>      |    7.783(R)|clock_BUFGP       |   0.000|
led<1>      |    8.661(R)|clock_BUFGP       |   0.000|
led<2>      |    7.749(R)|clock_BUFGP       |   0.000|
led<3>      |    8.921(R)|clock_BUFGP       |   0.000|
led<4>      |    8.179(R)|clock_BUFGP       |   0.000|
led<5>      |    7.122(R)|clock_BUFGP       |   0.000|
led<6>      |    9.647(R)|clock_BUFGP       |   0.000|
wr_reset    |    7.790(R)|clock_BUFGP       |   0.000|
------------+------------+------------------+--------+

Clock to Setup on destination clock clock
---------------+---------+---------+---------+---------+
               | Src:Rise| Src:Fall| Src:Rise| Src:Fall|
Source Clock   |Dest:Rise|Dest:Rise|Dest:Fall|Dest:Fall|
---------------+---------+---------+---------+---------+
clock          |    1.710|         |         |         |
---------------+---------+---------+---------+---------+


Analysis completed Sun Jun 30 21:55:55 2019 
--------------------------------------------------------------------------------

Trace Settings:
-------------------------
Trace Settings 

Peak Memory Usage: 4470 MB



