Release 14.7 - xst P.20131013 (nt64)
Copyright (c) 1995-2013 Xilinx, Inc.  All rights reserved.
--> Parameter TMPDIR set to xst/projnav.tmp


Total REAL time to Xst completion: 0.00 secs
Total CPU time to Xst completion: 0.12 secs
 
--> Parameter xsthdpdir set to xst


Total REAL time to Xst completion: 0.00 secs
Total CPU time to Xst completion: 0.12 secs
 
--> Reading design: FSM.prj

TABLE OF CONTENTS
  1) Synthesis Options Summary
  2) HDL Compilation
  3) Design Hierarchy Analysis
  4) HDL Analysis
  5) HDL Synthesis
     5.1) HDL Synthesis Report
  6) Advanced HDL Synthesis
     6.1) Advanced HDL Synthesis Report
  7) Low Level Synthesis
  8) Partition Report
  9) Final Report
	9.1) Device utilization summary
	9.2) Partition Resource Summary
	9.3) TIMING REPORT


=========================================================================
*                      Synthesis Options Summary                        *
=========================================================================
---- Source Parameters
Input File Name                    : "FSM.prj"
Input Format                       : mixed
Ignore Synthesis Constraint File   : NO

---- Target Parameters
Output File Name                   : "FSM"
Output Format                      : NGC
Target Device                      : xc3s50-5-pq208

---- Source Options
Top Module Name                    : FSM
Automatic FSM Extraction           : YES
FSM Encoding Algorithm             : Auto
Safe Implementation                : No
FSM Style                          : LUT
RAM Extraction                     : Yes
RAM Style                          : Auto
ROM Extraction                     : Yes
Mux Style                          : Auto
Decoder Extraction                 : YES
Priority Encoder Extraction        : Yes
Shift Register Extraction          : YES
Logical Shifter Extraction         : YES
XOR Collapsing                     : YES
ROM Style                          : Auto
Mux Extraction                     : Yes
Resource Sharing                   : YES
Asynchronous To Synchronous        : NO
Multiplier Style                   : Auto
Automatic Register Balancing       : No

---- Target Options
Add IO Buffers                     : YES
Global Maximum Fanout              : 100000
Add Generic Clock Buffer(BUFG)     : 8
Register Duplication               : YES
Slice Packing                      : YES
Optimize Instantiated Primitives   : NO
Use Clock Enable                   : Yes
Use Synchronous Set                : Yes
Use Synchronous Reset              : Yes
Pack IO Registers into IOBs        : Auto
Equivalent register Removal        : YES

---- General Options
Optimization Goal                  : Speed
Optimization Effort                : 1
Keep Hierarchy                     : No
Netlist Hierarchy                  : As_Optimized
RTL Output                         : Yes
Global Optimization                : AllClockNets
Read Cores                         : YES
Write Timing Constraints           : NO
Cross Clock Analysis               : NO
Hierarchy Separator                : /
Bus Delimiter                      : <>
Case Specifier                     : Maintain
Slice Utilization Ratio            : 100
BRAM Utilization Ratio             : 100
Verilog 2001                       : YES
Auto BRAM Packing                  : NO
Slice Utilization Ratio Delta      : 5

=========================================================================


=========================================================================
*                          HDL Compilation                              *
=========================================================================
Compiling verilog file "FSM.v" in library work
Module <FSM> compiled
No errors in compilation
Analysis of file <"FSM.prj"> succeeded.
 

=========================================================================
*                     Design Hierarchy Analysis                         *
=========================================================================
Analyzing hierarchy for module <FSM> in library <work> with parameters.
	S0 = "000"
	S1 = "001"
	S2 = "010"
	S3 = "011"
	S4 = "100"
	S5 = "101"
	S6 = "110"
	S7 = "111"


=========================================================================
*                            HDL Analysis                               *
=========================================================================
Analyzing top module <FSM>.
	S0 = 3'b000
	S1 = 3'b001
	S2 = 3'b010
	S3 = 3'b011
	S4 = 3'b100
	S5 = 3'b101
	S6 = 3'b110
	S7 = 3'b111
Module <FSM> is correct for synthesis.
 

=========================================================================
*                           HDL Synthesis                               *
=========================================================================

Performing bidirectional port resolution...

Synthesizing Unit <FSM>.
    Related source file is "FSM.v".
INFO:Xst:2117 - HDL ADVISOR - Mux Selector <present_state> of Case statement line 57 was re-encoded using one-hot encoding. The case statement will be optimized (default statement optimization), but this optimization may lead to design initialization problems. To ensure the design works safely, you can:
   	- add an 'INIT' attribute on signal <present_state> (optimization is then done without any risk)
   	- use the attribute 'signal_encoding user' to avoid onehot optimization
   	- use the attribute 'safe_implementation yes' to force XST to perform a safe (but less efficient) optimization
    Using one-hot encoding for signal <present_state>.
    Found 8-bit register for signal <present_state>.
    Summary:
	inferred   8 D-type flip-flop(s).
Unit <FSM> synthesized.


=========================================================================
HDL Synthesis Report

Macro Statistics
# Registers                                            : 1
 8-bit register                                        : 1

=========================================================================

=========================================================================
*                       Advanced HDL Synthesis                          *
=========================================================================


=========================================================================
Advanced HDL Synthesis Report

Macro Statistics
# Registers                                            : 8
 Flip-Flops                                            : 8

=========================================================================

=========================================================================
*                         Low Level Synthesis                           *
=========================================================================

Optimizing unit <FSM> ...

Mapping all equations...
Building and optimizing final netlist ...
Found area constraint ratio of 100 (+ 5) on block FSM, actual ratio is 1.

Final Macro Processing ...

=========================================================================
Final Register Report

Macro Statistics
# Registers                                            : 8
 Flip-Flops                                            : 8

=========================================================================

=========================================================================
*                           Partition Report                            *
=========================================================================

Partition Implementation Status
-------------------------------

  No Partitions were found in this design.

-------------------------------

=========================================================================
*                            Final Report                               *
=========================================================================
Final Results
RTL Top Level Output File Name     : FSM.ngr
Top Level Output File Name         : FSM
Output Format                      : NGC
Optimization Goal                  : Speed
Keep Hierarchy                     : No

Design Statistics
# IOs                              : 17

Cell Usage :
# BELS                             : 17
#      LUT2                        : 4
#      LUT3                        : 7
#      LUT4                        : 4
#      MUXF5                       : 1
#      VCC                         : 1
# FlipFlops/Latches                : 8
#      FDRE                        : 7
#      FDSE                        : 1
# Clock Buffers                    : 1
#      BUFGP                       : 1
# IO Buffers                       : 16
#      IBUF                        : 5
#      OBUF                        : 11
=========================================================================

Device utilization summary:
---------------------------

Selected Device : 3s50pq208-5 

 Number of Slices:                        9  out of    768     1%  
 Number of Slice Flip Flops:              8  out of   1536     0%  
 Number of 4 input LUTs:                 15  out of   1536     0%  
 Number of IOs:                          17
 Number of bonded IOBs:                  17  out of    124    13%  
 Number of GCLKs:                         1  out of      8    12%  

---------------------------
Partition Resource Summary:
---------------------------

  No Partitions were found in this design.

---------------------------


=========================================================================
TIMING REPORT

NOTE: THESE TIMING NUMBERS ARE ONLY A SYNTHESIS ESTIMATE.
      FOR ACCURATE TIMING INFORMATION PLEASE REFER TO THE TRACE REPORT
      GENERATED AFTER PLACE-and-ROUTE.

Clock Information:
------------------
-----------------------------------+------------------------+-------+
Clock Signal                       | Clock buffer(FF name)  | Load  |
-----------------------------------+------------------------+-------+
clock                              | BUFGP                  | 8     |
-----------------------------------+------------------------+-------+

Asynchronous Control Signals Information:
----------------------------------------
No asynchronous control signals found in this design

Timing Summary:
---------------
Speed Grade: -5

   Minimum period: 2.230ns (Maximum Frequency: 448.340MHz)
   Minimum input arrival time before clock: 3.764ns
   Maximum output required time after clock: 8.083ns
   Maximum combinational path delay: No path found

Timing Detail:
--------------
All values displayed in nanoseconds (ns)

=========================================================================
Timing constraint: Default period analysis for Clock 'clock'
  Clock period: 2.230ns (frequency: 448.340MHz)
  Total number of paths / destination ports: 11 / 8
-------------------------------------------------------------------------
Delay:               2.230ns (Levels of Logic = 1)
  Source:            present_state_7 (FF)
  Destination:       present_state_0 (FF)
  Source Clock:      clock rising
  Destination Clock: clock rising

  Data Path: present_state_7 to present_state_0
                                Gate     Net
    Cell:in->out      fanout   Delay   Delay  Logical Name (Net Name)
    ----------------------------------------  ------------
     FDRE:C->Q             4   0.626   0.949  present_state_7 (present_state_7)
     LUT2:I1->O            1   0.479   0.000  present_state_mux0000<7>1 (present_state_mux0000<7>)
     FDSE:D                    0.176          present_state_0
    ----------------------------------------
    Total                      2.230ns (1.281ns logic, 0.949ns route)
                                       (57.4% logic, 42.6% route)

=========================================================================
Timing constraint: Default OFFSET IN BEFORE for Clock 'clock'
  Total number of paths / destination ports: 38 / 24
-------------------------------------------------------------------------
Offset:              3.764ns (Levels of Logic = 2)
  Source:            reset_sync (PAD)
  Destination:       present_state_0 (FF)
  Destination Clock: clock rising

  Data Path: reset_sync to present_state_0
                                Gate     Net
    Cell:in->out      fanout   Delay   Delay  Logical Name (Net Name)
    ----------------------------------------  ------------
     IBUF:I->O             9   0.715   1.125  reset_sync_IBUF (reset_sync_IBUF)
     LUT2:I1->O            8   0.479   0.921  present_state_not00011 (present_state_not0001)
     FDSE:CE                   0.524          present_state_0
    ----------------------------------------
    Total                      3.764ns (1.718ns logic, 2.046ns route)
                                       (45.6% logic, 54.4% route)

=========================================================================
Timing constraint: Default OFFSET OUT AFTER for Clock 'clock'
  Total number of paths / destination ports: 23 / 10
-------------------------------------------------------------------------
Offset:              8.083ns (Levels of Logic = 3)
  Source:            present_state_0 (FF)
  Destination:       led<3> (PAD)
  Source Clock:      clock rising

  Data Path: present_state_0 to led<3>
                                Gate     Net
    Cell:in->out      fanout   Delay   Delay  Logical Name (Net Name)
    ----------------------------------------  ------------
     FDSE:C->Q             4   0.626   1.074  present_state_0 (present_state_0)
     LUT4:I0->O            1   0.479   0.000  led<3>1 (led<3>1)
     MUXF5:I0->O           1   0.314   0.681  led<3>_f5 (led_3_OBUF)
     OBUF:I->O                 4.909          led_3_OBUF (led<3>)
    ----------------------------------------
    Total                      8.083ns (6.328ns logic, 1.755ns route)
                                       (78.3% logic, 21.7% route)

=========================================================================


Total REAL time to Xst completion: 4.00 secs
Total CPU time to Xst completion: 4.38 secs
 
--> 

Total memory usage is 4520284 kilobytes

Number of errors   :    0 (   0 filtered)
Number of warnings :    0 (   0 filtered)
Number of infos    :    1 (   0 filtered)

